# JRE version: OpenJDK Runtime Environment Temurin-21.0.12.1+1 (21.0.12.1+1) (build 21.0.12.1+1-LTS)
# Java VM: OpenJDK 64-Bit Server VM Temurin-21.0.12.1+1 (21.0.12.1+1-LTS, mixed mode, sharing, tiered, compressed oops, compressed class ptrs, g1 gc, windows-amd64)
GC Precious Log:
 CardTable entry size: 512
 Card Set container configuration: InlinePtr #cards 5 size 8 Array Of Cards #cards 12 size 40 Howl #buckets 4 coarsen threshold 1843 Howl Bitmap #cards 512 size 80 coarsen threshold 460 Card regions per heap region 1 cards per card region 2048
 CPUs: 12 total, 12 available
 Memory: 7876M
 Large Page Support: Disabled
 NUMA Support: Disabled
 Compressed Oops: Enabled (32-bit)
 Heap Region Size: 1M
 Heap Min Capacity: 256M
 Heap Initial Capacity: 256M
 Heap Max Capacity: 512M
 Pre-touch: Disabled
 Parallel Workers: 10
 Concurrent Workers: 3
 Concurrent Refinement Workers: 10
 Periodic GC: Disabled
Heap:
 garbage-first heap   total 262144K, used 150315K [0x00000000e0000000, 0x0000000100000000)
  region size 1024K, 112 young (114688K), 2 survivors (2048K)
 Metaspace       used 47383K, committed 49152K, reserved 393216K
  class space    used 6960K, committed 7808K, reserved 327680K
GC Heap History (14 events):
Event: 2.192 GC heap before
{Heap before GC invocations=0 (full 0):
 garbage-first heap   total 262144K, used 26624K [0x00000000e0000000, 0x0000000100000000)
  region size 1024K, 23 young (23552K), 0 survivors (0K)
 Metaspace       used 1123K, committed 1216K, reserved 393216K
  class space    used 82K, committed 128K, reserved 327680K
}
Event: 2.229 GC heap after
{Heap after GC invocations=1 (full 0):
 garbage-first heap   total 262144K, used 10181K [0x00000000e0000000, 0x0000000100000000)
  region size 1024K, 3 young (3072K), 3 survivors (3072K)
 Metaspace       used 1123K, committed 1216K, reserved 393216K
  class space    used 82K, committed 128K, reserved 327680K
}
Event: 4.500 GC heap before
{Heap before GC invocations=1 (full 0):
 garbage-first heap   total 262144K, used 40901K [0x00000000e0000000, 0x0000000100000000)
  region size 1024K, 33 young (33792K), 3 survivors (3072K)
 Metaspace       used 4299K, committed 4480K, reserved 393216K
  class space    used 546K, committed 640K, reserved 327680K
}
Event: 4.505 GC heap after
{Heap after GC invocations=2 (full 0):
 garbage-first heap   total 262144K, used 11909K [0x00000000e0000000, 0x0000000100000000)
  region size 1024K, 2 young (2048K), 2 survivors (2048K)
 Metaspace       used 4299K, committed 4480K, reserved 393216K
  class space    used 546K, committed 640K, reserved 327680K
}
Event: 18.812 GC heap before
{Heap before GC invocations=2 (full 0):
 garbage-first heap   total 262144K, used 145029K [0x00000000e0000000, 0x0000000100000000)
  region size 1024K, 131 young (134144K), 2 survivors (2048K)
 Metaspace       used 20832K, committed 21504K, reserved 393216K
  class space    used 3045K, committed 3392K, reserved 327680K
}
Event: 19.295 GC heap after
{Heap after GC invocations=3 (full 0):
 garbage-first heap   total 262144K, used 24526K [0x00000000e0000000, 0x0000000100000000)
  region size 1024K, 13 young (13312K), 13 survivors (13312K)
 Metaspace       used 20832K, committed 21504K, reserved 393216K
  class space    used 3045K, committed 3392K, reserved 327680K
}
Event: 19.364 GC heap before
{Heap before GC invocations=4 (full 0):
 garbage-first heap   total 262144K, used 25550K [0x00000000e0000000, 0x0000000100000000)
  region size 1024K, 14 young (14336K), 13 survivors (13312K)
 Metaspace       used 20876K, committed 21568K, reserved 393216K
  class space    used 3058K, committed 3392K, reserved 327680K
}
Event: 19.394 GC heap after
{Heap after GC invocations=5 (full 0):
 garbage-first heap   total 262144K, used 25737K [0x00000000e0000000, 0x0000000100000000)
  region size 1024K, 2 young (2048K), 2 survivors (2048K)
 Metaspace       used 20876K, committed 21568K, reserved 393216K
  class space    used 3058K, committed 3392K, reserved 327680K
}
Event: 20.704 GC heap before
{Heap before GC invocations=5 (full 0):
 garbage-first heap   total 262144K, used 35977K [0x00000000e0000000, 0x0000000100000000)
  region size 1024K, 13 young (13312K), 2 survivors (2048K)
 Metaspace       used 22290K, committed 23040K, reserved 393216K
  class space    used 3298K, committed 3648K, reserved 327680K
}
Event: 20.713 GC heap after
{Heap after GC invocations=6 (full 0):
 garbage-first heap   total 262144K, used 25171K [0x00000000e0000000, 0x0000000100000000)
  region size 1024K, 1 young (1024K), 1 survivors (1024K)
 Metaspace       used 22290K, committed 23040K, reserved 393216K
  class space    used 3298K, committed 3648K, reserved 327680K
}
Event: 25.598 GC heap before
{Heap before GC invocations=6 (full 0):
 garbage-first heap   total 262144K, used 102995K [0x00000000e0000000, 0x0000000100000000)
  region size 1024K, 79 young (80896K), 1 survivors (1024K)
 Metaspace       used 34745K, committed 35968K, reserved 393216K
  class space    used 5050K, committed 5696K, reserved 327680K
}
Event: 25.606 GC heap after
{Heap after GC invocations=7 (full 0):
 garbage-first heap   total 262144K, used 31161K [0x00000000e0000000, 0x0000000100000000)
  region size 1024K, 7 young (7168K), 7 survivors (7168K)
 Metaspace       used 34745K, committed 35968K, reserved 393216K
  class space    used 5050K, committed 5696K, reserved 327680K
}
Event: 25.997 GC heap before
{Heap before GC invocations=8 (full 0):
 garbage-first heap   total 262144K, used 54713K [0x00000000e0000000, 0x0000000100000000)
  region size 1024K, 30 young (30720K), 7 survivors (7168K)
 Metaspace       used 35571K, committed 36864K, reserved 393216K
  class space    used 5176K, committed 5824K, reserved 327680K
}
Event: 26.004 GC heap after
{Heap after GC invocations=9 (full 0):
 garbage-first heap   total 262144K, used 32555K [0x00000000e0000000, 0x0000000100000000)
  region size 1024K, 2 young (2048K), 2 survivors (2048K)
 Metaspace       used 35571K, committed 36864K, reserved 393216K
  class space    used 5176K, committed 5824K, reserved 327680K
}

