# JRE version: OpenJDK Runtime Environment Temurin-25.0.1+8 (25.0.1+8) (build 25.0.1+8-LTS)
# Java VM: OpenJDK 64-Bit Server VM Temurin-25.0.1+8 (25.0.1+8-LTS, mixed mode, sharing, tiered, compressed oops, compressed class ptrs, g1 gc, windows-amd64)
GC Precious Log:
 CardTable entry size: 512
 Card Set container configuration: InlinePtr #cards 5 size 8 Array Of Cards #cards 10 size 36 Howl #buckets 4 coarsen threshold 1843 Howl Bitmap #cards 512 size 80 coarsen threshold 460 Card regions per heap region 1 cards per card region 2048
 CPUs: 12 total, 12 available
 Memory: 7876M
 Large Page Support: Disabled
 NUMA Support: Disabled
 Compressed Oops: Enabled (32-bit)
 Heap Region Size: 1M
 Heap Min Capacity: 256M
 Heap Initial Capacity: 256M
 Heap Max Capacity: 512M
 Pre-touch: Disabled
 Parallel Workers: 10
 Concurrent Workers: 3
 Concurrent Refinement Workers: 10
 Periodic GC: Disabled
Heap:
 garbage-first heap   total reserved 524288K, committed 262144K, used 149365K [0x00000000e0000000, 0x0000000100000000)
  region size 1024K, 78 young (79872K), 5 survivors (5120K)
GC Heap Usage History (20 events):
Event: 490.508 {heap Before GC invocations=20 (full 0):
 garbage-first heap   total reserved 524288K, committed 262144K, used 230314K [0x00000000e0000000, 0x0000000100000000)
  region size 1024K, 153 young (156672K), 5 survivors (5120K)
}
Event: 490.521 {heap After GC invocations=21 (full 0):
 garbage-first heap   total reserved 524288K, committed 262144K, used 79441K [0x00000000e0000000, 0x0000000100000000)
  region size 1024K, 4 young (4096K), 4 survivors (4096K)
}
Event: 507.423 {heap Before GC invocations=22 (full 0):
 garbage-first heap   total reserved 524288K, committed 262144K, used 230993K [0x00000000e0000000, 0x0000000100000000)
  region size 1024K, 153 young (156672K), 4 survivors (4096K)
}
Event: 507.432 {heap After GC invocations=23 (full 0):
 garbage-first heap   total reserved 524288K, committed 262144K, used 80269K [0x00000000e0000000, 0x0000000100000000)
  region size 1024K, 5 young (5120K), 5 survivors (5120K)
}
Event: 529.988 {heap Before GC invocations=23 (full 0):
 garbage-first heap   total reserved 524288K, committed 262144K, used 230797K [0x00000000e0000000, 0x0000000100000000)
  region size 1024K, 153 young (156672K), 5 survivors (5120K)
}
Event: 530.045 {heap After GC invocations=24 (full 0):
 garbage-first heap   total reserved 524288K, committed 262144K, used 78882K [0x00000000e0000000, 0x0000000100000000)
  region size 1024K, 5 young (5120K), 5 survivors (5120K)
}
Event: 544.008 {heap Before GC invocations=24 (full 0):
 garbage-first heap   total reserved 524288K, committed 262144K, used 229410K [0x00000000e0000000, 0x0000000100000000)
  region size 1024K, 153 young (156672K), 5 survivors (5120K)
}
Event: 544.031 {heap After GC invocations=25 (full 0):
 garbage-first heap   total reserved 524288K, committed 262144K, used 78934K [0x00000000e0000000, 0x0000000100000000)
  region size 1024K, 5 young (5120K), 5 survivors (5120K)
}
Event: 579.910 {heap Before GC invocations=26 (full 0):
 garbage-first heap   total reserved 524288K, committed 262144K, used 229462K [0x00000000e0000000, 0x0000000100000000)
  region size 1024K, 153 young (156672K), 5 survivors (5120K)
}
Event: 579.979 {heap After GC invocations=27 (full 0):
 garbage-first heap   total reserved 524288K, committed 262144K, used 79338K [0x00000000e0000000, 0x0000000100000000)
  region size 1024K, 6 young (6144K), 6 survivors (6144K)
}
Event: 603.794 {heap Before GC invocations=27 (full 0):
 garbage-first heap   total reserved 524288K, committed 262144K, used 228842K [0x00000000e0000000, 0x0000000100000000)
  region size 1024K, 153 young (156672K), 6 survivors (6144K)
}
Event: 603.926 {heap After GC invocations=28 (full 0):
 garbage-first heap   total reserved 524288K, committed 262144K, used 78052K [0x00000000e0000000, 0x0000000100000000)
  region size 1024K, 6 young (6144K), 6 survivors (6144K)
}
Event: 636.623 {heap Before GC invocations=28 (full 0):
 garbage-first heap   total reserved 524288K, committed 262144K, used 227556K [0x00000000e0000000, 0x0000000100000000)
  region size 1024K, 153 young (156672K), 6 survivors (6144K)
}
Event: 636.747 {heap After GC invocations=29 (full 0):
 garbage-first heap   total reserved 524288K, committed 262144K, used 77290K [0x00000000e0000000, 0x0000000100000000)
  region size 1024K, 5 young (5120K), 5 survivors (5120K)
}
Event: 653.368 {heap Before GC invocations=30 (full 0):
 garbage-first heap   total reserved 524288K, committed 262144K, used 227818K [0x00000000e0000000, 0x0000000100000000)
  region size 1024K, 153 young (156672K), 5 survivors (5120K)
}
Event: 653.416 {heap After GC invocations=31 (full 0):
 garbage-first heap   total reserved 524288K, committed 262144K, used 78388K [0x00000000e0000000, 0x0000000100000000)
  region size 1024K, 6 young (6144K), 6 survivors (6144K)
}
Event: 685.563 {heap Before GC invocations=31 (full 0):
 garbage-first heap   total reserved 524288K, committed 262144K, used 227892K [0x00000000e0000000, 0x0000000100000000)
  region size 1024K, 153 young (156672K), 6 survivors (6144K)
}
Event: 685.658 {heap After GC invocations=32 (full 0):
 garbage-first heap   total reserved 524288K, committed 262144K, used 76689K [0x00000000e0000000, 0x0000000100000000)
  region size 1024K, 5 young (5120K), 5 survivors (5120K)
}
Event: 700.882 {heap Before GC invocations=32 (full 0):
 garbage-first heap   total reserved 524288K, committed 262144K, used 227217K [0x00000000e0000000, 0x0000000100000000)
  region size 1024K, 153 young (156672K), 5 survivors (5120K)
}
Event: 700.923 {heap After GC invocations=33 (full 0):
 garbage-first heap   total reserved 524288K, committed 262144K, used 76661K [0x00000000e0000000, 0x0000000100000000)
  region size 1024K, 5 young (5120K), 5 survivors (5120K)
}

